2025-01-28 04:16:07,877 DEBUG    root            Loaded Command Group: ['gcloud', 'config']
2025-01-28 04:16:07,885 DEBUG    root            Loaded Command Group: ['gcloud', 'config', 'config_helper']
2025-01-28 04:16:07,889 DEBUG    root            Running [gcloud.config.config-helper] with arguments: [--format: "json", --min-expiry: "1800"]
2025-01-28 04:16:08,079 DEBUG    google.auth.transport.requests Making request: GET http://metadata.google.internal/computeMetadata/v1/instance/service-accounts/260483181843-compute@developer.gserviceaccount.com/?recursive=true
2025-01-28 04:16:08,093 DEBUG    urllib3.connectionpool Starting new HTTP connection (1): metadata.google.internal:80
2025-01-28 04:16:08,098 DEBUG    urllib3.connectionpool http://metadata.google.internal:80 "GET /computeMetadata/v1/instance/service-accounts/260483181843-compute@developer.gserviceaccount.com/?recursive=true HTTP/1.1" 200 155
2025-01-28 04:16:08,101 DEBUG    google.auth.transport.requests Making request: GET http://metadata.google.internal/computeMetadata/v1/instance/service-accounts/260483181843-compute@developer.gserviceaccount.com/token
2025-01-28 04:16:08,119 DEBUG    urllib3.connectionpool http://metadata.google.internal:80 "GET /computeMetadata/v1/instance/service-accounts/260483181843-compute@developer.gserviceaccount.com/token HTTP/1.1" 200 868
2025-01-28 04:16:08,146 DEBUG    root            Chosen display Format:default json
2025-01-28 04:16:08,146 INFO     root            Display format: "default json"
2025-01-28 04:16:08,251 INFO     ___FILE_ONLY___ {
  "configuration": {
    "active_configuration": "default",
    "properties": {
      "compute": {
        "region": "us-central1"
      },
      "core": {
        "account": "260483181843-compute@developer.gserviceaccount.com",
        "disable_usage_reporting": "True",
        "project": "involuted-tuner-441406-a9"
      },
      "dataproc": {
        "region": "us-central1"
      }
    }
  },
  "credential": {
    "access_token": "ya29.c.c0ASRK0GZPrOaZvWdRzuSzmWfPctcAZqLWCLVpNMHMnrpqj-p7zJkj7eHiVjAZdn2eAdrILKKsToi3-38EG2tQsziJjInRrh_RK31o9mGL27R4ET3K1ZSTSeURxfFWFvvpinzg1X4ff0GDMR8ZvGMA_WZxkFRVRALnx4p0xIds6UGPMhGD-thubJPtu_r2mq3VKupYCKr2Svf_yTMXijH0hgXF3ZYc091RMZNnQav-qY6430CWv-d3AIWm2Yy0D6dehtq3cO-oHo5Ua2ZD61vJa3S2mAY0ae8hqOKR8aR-0Waw02KoCadMb5PEp8H1xoCV-6poLTzDIHTcHz1dmv0sdMYIFpGV_ygze6aDqJ54W3Ntzcp14DZFovpdT2AKxmOToweX6nqct9eQhqSrjw22H413DQdevRgsOWq3_ijqedtXphb0wmeUs4my1UB0iy6232BnaXul4u6grf0W9xp0pI1X7sf6Z_pYqSmnyJvjOSbMyV-5UIh_tIB2qJYudoz-QiM0m_cgqgfoxi7nWi3Y1Ylzr3Y2_dbzj2J3w2t9_OJ9zifVMrlXfrt6QuO70fQQlW1B2thadfokIZ4ORu2BXOhjeo6vBvRVbzuoUabdaI7u3i_3FBgQvjl0_11n2nQS8gnurRo-9dMl0vo97yh-fUB9xRs7jFzhmBop6XykabqIqXBMR3k42wew_RyiWrVbxvRqv3QpM0vWymSVr9VZ5Ozexy9V4dfQ5451Yem_dep4n_f9r1nJ0mukUBoB-F-f7Fw39WYahFlyMrIso4owBJVpel3avxwSU8i-uwIJMrbp7a47VFktRIF8eM6jOl2n46JWo8nJJffIIoXQFf4xhplzzaW4Xzn4wambi2Y1Oszq6-X-dgmfQ-i3ux6bjUtM3-j9f54q9p0ra2gX_4bB0c27psBM6sOU5RIM20aUFcUgBjBaMW7W0qiygoraBOiI1hh4jqb3Xkx-kun4ga_bmvpid38xgUcfM8nzqMtxXvVmjRIiiqBeetp",
    "id_token": "eyJhbGciOiJSUzI1NiIsImtpZCI6IjYzMzdiZTYzNjRmMzgyNDAwOGQwZTkwMDNmNTBiYjZiNDNkNWE5YzYiLCJ0eXAiOiJKV1QifQ.eyJhdWQiOiIzMjU1NTk0MDU1OS5hcHBzLmdvb2dsZXVzZXJjb250ZW50LmNvbSIsImF6cCI6IjEwNDcyOTEzMTY1OTMzMzg1NTIwNyIsImV4cCI6MTczODA0MTM2OCwiaWF0IjoxNzM4MDM3NzY4LCJpc3MiOiJodHRwczovL2FjY291bnRzLmdvb2dsZS5jb20iLCJzdWIiOiIxMDQ3MjkxMzE2NTkzMzM4NTUyMDcifQ.A7BfDVYTMd-G13RG1o-RR55SLTMRNCVI2lZiUP4cfeAJ4dD94QPlXShVMYYVeh2rLEbp9lhh2eZYewjFwMzkZE7jb-jf7JSz1BxpZTNpwmRmsqF1LNlRxwquVR1XcO3QvA8YkeFArAGSgjQw23xyP7aMQHx98OnZKZu5y4OMJ4oUpEQbx2iEYm7pNWfgrtwpiYdJmjIyZAvIzi59Z1BJcFzxDEaYl5DTJBGvnU4nFNX27h6hXW1e3ECgFS4EeaTeagyRySYlh2_md495mP07Bm8A6RV00-NHVYum7umLNOcgEsmvb1MoD69waVfP28KdiKz-6DYVJSUlKyFvpE_H1A",
    "token_expiry": "2025-01-28T05:16:07Z"
  },
  "sentinels": {
    "config_sentinel": "/home/jupyter/.config/gcloud/config_sentinel"
  }
}
2025-01-28 04:16:08,251 INFO     ___FILE_ONLY___ 

2025-01-28 04:16:08,251 DEBUG    root            SDK update checks are disabled.
