2025-01-28 06:11:06,961 DEBUG    root            Loaded Command Group: ['gcloud', 'config']
2025-01-28 06:11:06,975 DEBUG    root            Loaded Command Group: ['gcloud', 'config', 'config_helper']
2025-01-28 06:11:06,979 DEBUG    root            Running [gcloud.config.config-helper] with arguments: [--format: "json", --min-expiry: "1800"]
2025-01-28 06:11:07,166 DEBUG    google.auth.transport.requests Making request: GET http://metadata.google.internal/computeMetadata/v1/instance/service-accounts/260483181843-compute@developer.gserviceaccount.com/?recursive=true
2025-01-28 06:11:07,170 DEBUG    urllib3.connectionpool Starting new HTTP connection (1): metadata.google.internal:80
2025-01-28 06:11:07,177 DEBUG    urllib3.connectionpool http://metadata.google.internal:80 "GET /computeMetadata/v1/instance/service-accounts/260483181843-compute@developer.gserviceaccount.com/?recursive=true HTTP/1.1" 200 155
2025-01-28 06:11:07,179 DEBUG    google.auth.transport.requests Making request: GET http://metadata.google.internal/computeMetadata/v1/instance/service-accounts/260483181843-compute@developer.gserviceaccount.com/token
2025-01-28 06:11:07,195 DEBUG    urllib3.connectionpool http://metadata.google.internal:80 "GET /computeMetadata/v1/instance/service-accounts/260483181843-compute@developer.gserviceaccount.com/token HTTP/1.1" 200 871
2025-01-28 06:11:07,226 DEBUG    root            Chosen display Format:default json
2025-01-28 06:11:07,226 INFO     root            Display format: "default json"
2025-01-28 06:11:07,347 INFO     ___FILE_ONLY___ {
  "configuration": {
    "active_configuration": "default",
    "properties": {
      "compute": {
        "region": "us-central1"
      },
      "core": {
        "account": "260483181843-compute@developer.gserviceaccount.com",
        "disable_usage_reporting": "True",
        "project": "involuted-tuner-441406-a9"
      },
      "dataproc": {
        "region": "us-central1"
      }
    }
  },
  "credential": {
    "access_token": "ya29.c.c0ASRK0GZl60sdnjm3gh4nMXdXsAaVNZfstGvnYF7NiXRl5AtE4ADSal8fl1VXzBtwLJPBWrUgQn8otDBwGQbhvCcJNB9eFGeqzY1YYn_63pzK27RVHb_bS7K6kNnhZk9eAvTcyEdZb9HMtAC_CmBXFhAYOlGcd8uHELDOrSo0wHYTyIBlluHKHgrANgkE0lm1EMle9lasl-pta7GV4vhAI_SYtJL5X9fin9uBt793cSdhnnO5JVOUrOyif-LXHuHDpEi-fLwteI1VAhYtlUbH071cCN95T_xEiKH8FK-n0pWE6EvoqgH5YZT0Siv_VEtC2NFsBLh99sZQ4mFi3YNO7kj8CnZ1tG5yotQduHtGccyVvQOlkk2gSwj4YUAv1NbDrl1QqUOapyZdt73F2RhhT413A7sU600pdj_iaMVasQOiegMax00q8vspVB3c2vVOX5Odi6x5WsOkx_Rr4F5OpVa6qV4-Z8yzJfXZrMIqUrZtfZ4QrYqMoUagBVzObsf46t93ewg-kpascfvzZZtkbviOxBo9dolu7RYbhbX_B0fRJsRu2wom7Sbtekod04stfBtSfII1lfhw1cp7FdqbiSlU7ISgZBudXmg8qebfZcsivB4o5ucgXRwMIzBoWU1adqUMsxqisa29SW_zSWMvtglSWeWn89RZQJQvX5lkOeQrS9-pizu40qdWwYiuMfn6d47xd6_pufUidROydUR1zqzUs6I870ea6JUbsSpgw08Z-iBix1e3gq_R1c2d9zJ3BkypFy1-B-M3cMjjtvzYgQYvUQRpmrayU0ja2X3jtb07fXuYYhO8uwe4nyFcwRwV2y18QXx6Xv7zc0SlvUlzYJuQnqOF5uumf6UO_dFc6hcI1SU4X5ItmugSQrhWeO-RjhoU9n-_jZbVd4MjVQo9i97V2jsRlgrn_YSr5We09180w-Z_sdmcy3JnROSO_U2-r9WZ1X3R0_y0YtRypI8QlZ5-q0i0UlzeglW83JkaRxuBOFf_aVmRpRx",
    "id_token": "eyJhbGciOiJSUzI1NiIsImtpZCI6IjYzMzdiZTYzNjRmMzgyNDAwOGQwZTkwMDNmNTBiYjZiNDNkNWE5YzYiLCJ0eXAiOiJKV1QifQ.eyJhdWQiOiIzMjU1NTk0MDU1OS5hcHBzLmdvb2dsZXVzZXJjb250ZW50LmNvbSIsImF6cCI6IjEwNDcyOTEzMTY1OTMzMzg1NTIwNyIsImV4cCI6MTczODA0ODI2NywiaWF0IjoxNzM4MDQ0NjY3LCJpc3MiOiJodHRwczovL2FjY291bnRzLmdvb2dsZS5jb20iLCJzdWIiOiIxMDQ3MjkxMzE2NTkzMzM4NTUyMDcifQ.ktYIu2o_2vnRCB3siJYQJw3kIrVQvjnj3JmcI_YYXMG9UJGvSEarPbw7ktWruWm8Cmq3IsP5BU2f1Nlw50gF6icd4mMV6cAVk8i_B1wampJEPxlC6j1agugOW43t4GqsGwyMGRjVJGJIb4dbk3FmHAzmbijmqNHLaTnopPbVKh6-qxQWOKLPOAaj6Xhkoy9dZjj_Ql0hYfDe6-RkEhju7ttQSobwPB9ZqmTGEf8FMwOMOhJcWoJ25UxtnGDI09me4oxUW05gRjiuI-AyFuAm9t0P-jxI3FyS55z6wURgvyJMM4i7uix-kss6Uum72z9uf2Yt40sxT6kGdQz5zHwJ5g",
    "token_expiry": "2025-01-28T07:11:06Z"
  },
  "sentinels": {
    "config_sentinel": "/home/jupyter/.config/gcloud/config_sentinel"
  }
}
2025-01-28 06:11:07,347 INFO     ___FILE_ONLY___ 

2025-01-28 06:11:07,347 DEBUG    root            SDK update checks are disabled.
