2025-01-28 08:52:40,692 DEBUG    root            Loaded Command Group: ['gcloud', 'config']
2025-01-28 08:52:40,696 DEBUG    root            Loaded Command Group: ['gcloud', 'config', 'config_helper']
2025-01-28 08:52:40,700 DEBUG    root            Running [gcloud.config.config-helper] with arguments: [--format: "json", --min-expiry: "1800"]
2025-01-28 08:52:40,726 DEBUG    root            Chosen display Format:default json
2025-01-28 08:52:40,726 INFO     root            Display format: "default json"
2025-01-28 08:52:40,754 INFO     ___FILE_ONLY___ {
  "configuration": {
    "active_configuration": "default",
    "properties": {
      "compute": {
        "region": "us-central1"
      },
      "core": {
        "account": "260483181843-compute@developer.gserviceaccount.com",
        "disable_usage_reporting": "True",
        "project": "involuted-tuner-441406-a9"
      },
      "dataproc": {
        "region": "us-central1"
      }
    }
  },
  "credential": {
    "access_token": "ya29.c.c0ASRK0GaWw1eGiU5AhEyucLP0EgNyGayVWewbgaJNlOpOUQRSr4U68uRDhYYAYKTdtmDN1hkKvXZqUGQ97EFgX3KapwQvEpRFDk_1nD7pHz0qrtuKo-tofZNdh5mkTiP0Q2iG-7qX5srtWYXiduPIxt1B_zJB7Im_epGgZgxbiLnwSnNyfo7O8e5ulbAhq6sOSHlX28GS55WAEicqU7SlXdIPum696-S81aFT8MwPoDnzv126kafMwo9UXCiwGB2ss8V0EwyGEDdXcr4XT98mJNFNfgO4eqeR5l0oHeTs1AZegPyf2KkTpcqE2Oce3Hq_hBCAp0G2-KaEn37ECr_s7zPLpXDm-H2wFcjJqg4F6nHGmARp6AkH-T3UTaZjF8Bx0gP2Ub_2xSbFiLQTrpbm1gH415A0gkwcSbM3m3d1Izm1ekSicUk9Zqv-aSZ5fBRWjzw8zyJek4g3dsFea17kq78l12O5RIg1r9tyRm6iiRoiVMSigdrxqoMIVpo_qns3wwx71t8W1_z51ouJfjqs5zotzoSs9BFu2YoojxdZw6q580X9xIBY_f3tuj3R2oonx97XkimJfi-V3UnRmd6kWnlw1-cwutYpY2JB3oqm7vVhzfZuUYsX3u1ZF-XQ4ccoump3e5m4XoIxtw2fFbxdSzJQR3Iaz404126flJR2c112pV_O8bFiFcxtab8nSU0hoOM4dvcxIezObWFVl2vt5cbl7gbQy5ym6IrbYfWM-RujtlVU_f5lma42b8XhVsIdOwd-SxQ62oqVnX9MqO5_cbz6wvlu5o5qkWqQFanW3-zthSBf3j2kbJX9UUtkRnffU4l2SWjdl63nQ3R4xozQMvOWd4ptO110pmcnq615j15vyz0921JzdOQMdYW6V88FQ37gYhv9lSUFaY1wsduJr7nlv_052Bw93s3V1XQ685fBhv7g0rZWnsiWkdf94xRjFyzn1803bedIO3uw_uy8i8t6U72bcni_gnwghlv0reaetJSuSuORrlm",
    "id_token": "eyJhbGciOiJSUzI1NiIsImtpZCI6IjYzMzdiZTYzNjRmMzgyNDAwOGQwZTkwMDNmNTBiYjZiNDNkNWE5YzYiLCJ0eXAiOiJKV1QifQ.eyJhdWQiOiIzMjU1NTk0MDU1OS5hcHBzLmdvb2dsZXVzZXJjb250ZW50LmNvbSIsImF6cCI6IjEwNDcyOTEzMTY1OTMzMzg1NTIwNyIsImV4cCI6MTczODA1Nzg2MCwiaWF0IjoxNzM4MDU0MjYwLCJpc3MiOiJodHRwczovL2FjY291bnRzLmdvb2dsZS5jb20iLCJzdWIiOiIxMDQ3MjkxMzE2NTkzMzM4NTUyMDcifQ.0bQh5Dw5NK8yuEUT7b3W8ei6WdU6c56GjH4viLXzYIePHBzWNu-hGz0k4VMxMRkJtNZMn6y7z1GICiaDEyqvv6ng3U1AgiW-RRFaofAcknMvFp28Ve7VPlSfmuqY26zgIZQLMLv2iVjWM5CvB5xrJktC2OWbgGmG-FSk266pyyH2nWgySHx-fo4IUmS4NUDFihWvhbYnf0pmx23aS2_fio-XTn9F_ZeWxOBgLsl6GRihJCgeaZRT09r3d-9JiAA9FHEyih5GxsaaDsM1Z9Y64aCPnxhVNHGfUBGfXO58i03KV3E_BNljqoK8KzdRbzkeiq4KhunIqGdEAuTCVwAAZg",
    "token_expiry": "2025-01-28T09:50:35Z"
  },
  "sentinels": {
    "config_sentinel": "/home/jupyter/.config/gcloud/config_sentinel"
  }
}
2025-01-28 08:52:40,754 INFO     ___FILE_ONLY___ 

2025-01-28 08:52:40,755 DEBUG    root            SDK update checks are disabled.
