2025-01-21 08:00:46,856 DEBUG    root            Loaded Command Group: ['gcloud', 'auth']
2025-01-21 08:00:46,897 DEBUG    root            Loaded Command Group: ['gcloud', 'auth', 'configure_docker']
2025-01-21 08:00:46,901 DEBUG    root            Running [gcloud.auth.configure-docker] with arguments: [--quiet: "True"]
2025-01-21 08:00:47,866 WARNING  root            Your config file at [/home/jupyter/.docker/config.json] contains these credential helper entries:

{
  "credHelpers": {
    "gcr.io": "gcloud",
    "us.gcr.io": "gcloud",
    "eu.gcr.io": "gcloud",
    "asia.gcr.io": "gcloud",
    "staging-k8s.gcr.io": "gcloud",
    "marketplace.gcr.io": "gcloud"
  }
}
2025-01-21 08:00:47,868 INFO     ___FILE_ONLY___ Adding credentials for all GCR repositories.

2025-01-21 08:00:47,868 WARNING  root            A long list of credential helpers may cause delays running 'docker build'. We recommend passing the registry name to configure only the registry you are using.
2025-01-21 08:00:47,868 INFO     ___FILE_ONLY___ gcloud credential helpers already registered correctly.

2025-01-21 08:00:47,868 DEBUG    root            Chosen display Format:default
2025-01-21 08:00:47,869 INFO     root            Display format: "default"
2025-01-21 08:00:47,870 DEBUG    root            SDK update checks are disabled.
